  % Total    % Received % Xferd  Average Speed   Time    Time     Time  Current
                                 Dload  Upload   Total   Spent    Left  Speed
  0     0    0     0    0     0      0      0 --:--:-- --:--:-- --:--:--     0* Host ec2-18-221-176-185.us-east-2.compute.amazonaws.com:80 was resolved.
* IPv6: (none)
* IPv4: 18.221.176.185
*   Trying 18.221.176.185:80...
* Connected to ec2-18-221-176-185.us-east-2.compute.amazonaws.com (18.221.176.185) port 80
> GET /static/js/bundle.js HTTP/1.1
> Host: ec2-18-221-176-185.us-east-2.compute.amazonaws.com
> User-Agent: curl/8.7.1
> Accept: */*
> Cookie: login=eyJ1c2VybmFtZSI6ImF3ZGVvcmlvIn0.aONVsg.kfg8UBBK5TAew03rW0eXfYAtLsY
> 
* Request completely sent off
< HTTP/1.1 200 OK
< Server: nginx/1.24.0 (Ubuntu)
< Date: Mon, 06 Oct 2025 05:37:54 GMT
< Content-Type: text/javascript; charset=utf-8
< Content-Length: 1120221
< Connection: keep-alive
< Content-Disposition: inline; filename=bundle.js
< Last-Modified: Mon, 06 Oct 2025 05:36:56 GMT
< Cache-Control: no-cache
< ETag: "1759729016.081224-1120221-3954186017"
< 
{ [13352 bytes data]
 32 1093k   32  354k    0     0  2678k      0 --:--:-- --:--:-- --:--:-- 2663k100 1093k  100 1093k    0     0  5817k      0 --:--:-- --:--:-- --:--:-- 5818k
* Connection #0 to host ec2-18-221-176-185.us-east-2.compute.amazonaws.com left intact
