  % Total    % Received % Xferd  Average Speed   Time    Time     Time  Current
                                 Dload  Upload   Total   Spent    Left  Speed
  0     0    0     0    0     0      0      0 --:--:-- --:--:-- --:--:--     0* Host ec2-18-221-176-185.us-east-2.compute.amazonaws.com:80 was resolved.
* IPv6: (none)
* IPv4: 18.221.176.185
*   Trying 18.221.176.185:80...
* Connected to ec2-18-221-176-185.us-east-2.compute.amazonaws.com (18.221.176.185) port 80
> GET / HTTP/1.1
> Host: ec2-18-221-176-185.us-east-2.compute.amazonaws.com
> User-Agent: curl/8.7.1
> Accept: */*
> Cookie: login=eyJ1c2VybmFtZSI6ImF3ZGVvcmlvIn0.aOQpBQ.PoObtStS_41nPx8G_6Ow49ndbIU
> 
* Request completely sent off
< HTTP/1.1 200 OK
< Server: nginx/1.24.0 (Ubuntu)
< Date: Mon, 06 Oct 2025 20:39:33 GMT
< Content-Type: text/html; charset=utf-8
< Content-Length: 819
< Connection: keep-alive
< Vary: Cookie
< 
{ [819 bytes data]
100   819  100   819    0     0   7131      0 --:--:-- --:--:-- --:--:--  7184
* Connection #0 to host ec2-18-221-176-185.us-east-2.compute.amazonaws.com left intact
